0 info it worked if it ends with ok
1 verbose cli [ '/usr/local/Cellar/node/5.7.0/bin/node',
1 verbose cli   '/usr/local/bin/npm',
1 verbose cli   'run',
1 verbose cli   'dist' ]
2 info using npm@3.6.0
3 info using node@v5.7.0
4 verbose run-script [ 'predist', 'dist', 'postdist' ]
5 info lifecycle proton-template-app@1.0.0~predist: proton-template-app@1.0.0
6 silly lifecycle proton-template-app@1.0.0~predist: no script for predist, continuing
7 info lifecycle proton-template-app@1.0.0~dist: proton-template-app@1.0.0
8 verbose lifecycle proton-template-app@1.0.0~dist: unsafe-perm in lifecycle true
9 verbose lifecycle proton-template-app@1.0.0~dist: PATH: /usr/local/lib/node_modules/npm/bin/node-gyp-bin:/Users/castronu/Downloads/photon-0.1.2-dist/template-app/node_modules/.bin:/usr/local/git/bin:/sw/bin/:/usr/local/bin:/usr/local/:/usr/local/sbin:/usr/local/mysql/bin:/usr/local/bin:/usr/bin:/bin:/usr/sbin:/sbin:/opt/ImageMagick/bin:/usr/local/bin/
10 verbose lifecycle proton-template-app@1.0.0~dist: CWD: /Users/castronu/Downloads/photon-0.1.2-dist/template-app
11 silly lifecycle proton-template-app@1.0.0~dist: Args: [ '-c', 'build' ]
12 info lifecycle proton-template-app@1.0.0~dist: Failed to exec dist script
13 verbose stack Error: proton-template-app@1.0.0 dist: `build`
13 verbose stack spawn ENOENT
13 verbose stack     at ChildProcess.<anonymous> (/usr/local/lib/node_modules/npm/lib/utils/spawn.js:17:16)
13 verbose stack     at emitTwo (events.js:100:13)
13 verbose stack     at ChildProcess.emit (events.js:185:7)
13 verbose stack     at maybeClose (internal/child_process.js:827:16)
13 verbose stack     at Process.ChildProcess._handle.onexit (internal/child_process.js:211:5)
14 verbose pkgid proton-template-app@1.0.0
15 verbose cwd /Users/castronu/Downloads/photon-0.1.2-dist/template-app
16 error Darwin 15.0.0
17 error argv "/usr/local/Cellar/node/5.7.0/bin/node" "/usr/local/bin/npm" "run" "dist"
18 error node v5.7.0
19 error npm  v3.6.0
20 error file sh
21 error code ELIFECYCLE
22 error errno ENOENT
23 error syscall spawn
24 error proton-template-app@1.0.0 dist: `build`
24 error spawn ENOENT
25 error Failed at the proton-template-app@1.0.0 dist script 'build'.
25 error Make sure you have the latest version of node.js and npm installed.
25 error If you do, this is most likely a problem with the proton-template-app package,
25 error not with npm itself.
25 error Tell the author that this fails on your system:
25 error     build
25 error You can get information on how to open an issue for this project with:
25 error     npm bugs proton-template-app
25 error Or if that isn't available, you can get their info via:
25 error     npm owner ls proton-template-app
25 error There is likely additional logging output above.
26 verbose exit [ 1, true ]
